<?xml version="1.0" encoding="UTF-8"?>
<!-- Generated by org.testng.reporters.JUnitReportReporter -->
<testsuite hostname="DESKTOP-OA02I73" failures="0" tests="1" name="Tutorial1.Demo1" time="0.017" errors="0" timestamp="2024-02-12T17:19:38 IST" skipped="0">
  <testcase classname="Tutorial1.Demo1" name="a1" time="0.017"/>
  <system-out/>
</testsuite> <!-- Tutorial1.Demo1 -->
